<?xml version="1.0" encoding="UTF-8"?>
<!-- Generated by org.testng.reporters.JUnitReportReporter -->
<testsuite hostname="anvitha" failures="0" tests="1" name="Sample.Demo2" time="0.010" errors="0" timestamp="2023-08-04T19:40:46 IST" skipped="0">
  <testcase classname="Sample.Demo2" name="demoTest" time="0.010"/>
  <system-out/>
</testsuite> <!-- Sample.Demo2 -->
