<?xml version="1.0" encoding="UTF-8"?>
<!-- Generated by org.testng.reporters.JUnitReportReporter -->
<testsuite hostname="anvitha" failures="0" tests="1" name="Sample.Demo2" time="0.006" errors="0" timestamp="2023-08-03T20:07:20 IST" skipped="0">
  <testcase classname="Sample.Demo2" name="demoTest" time="0.006"/>
  <system-out/>
</testsuite> <!-- Sample.Demo2 -->
