<?xml version="1.0" encoding="UTF-8"?>
<!-- Generated by org.testng.reporters.JUnitReportReporter -->
<testsuite hostname="anvitha" failures="0" tests="1" name="Sample.Demo3" time="0.014" errors="0" timestamp="2023-08-04T19:41:00 IST" skipped="0">
  <testcase classname="Sample.Demo3" name="demoTest" time="0.014"/>
  <system-out/>
</testsuite> <!-- Sample.Demo3 -->
