<?xml version="1.0" encoding="UTF-8"?>
<!-- Generated by org.testng.reporters.JUnitReportReporter -->
<testsuite hostname="anvitha" failures="0" tests="1" name="Sample.Demo" time="0.009" errors="0" timestamp="2023-08-03T19:27:00 IST" skipped="0">
  <testcase classname="Sample.Demo" name="demoTest" time="0.009"/>
  <system-out/>
</testsuite> <!-- Sample.Demo -->
